<?xml version="1.0" encoding="UTF-8"?>
<!-- Generated by org.testng.reporters.JUnitReportReporter -->
<testsuite hostname="DESKTOP-S4S1GDB" failures="0" tests="4" name="test.Kitchen_decor_test" time="-1683175552.000" errors="1" timestamp="2023-05-04T10:15:37 IST" skipped="3">
  <testcase classname="test.Kitchen_decor_test" name="lunch" time="-1683175552.000">
    <error message="
Parameter &#039;browser&#039; is required by BeforeTest on method lunch but has not been marked @Optional or defined
in C:\Users\rohit.kashyap\git\repository\expobazaar\testng1.xml" type="org.testng.TestNGException">
      <![CDATA[org.testng.TestNGException: 
Parameter 'browser' is required by BeforeTest on method lunch but has not been marked @Optional or defined
in C:\Users\rohit.kashyap\git\repository\expobazaar\testng1.xml
at org.testng.internal.Parameters.createParams(Parameters.java:270)
at org.testng.internal.Parameters.createParametersForMethod(Parameters.java:358)
at org.testng.internal.Parameters.createParameters(Parameters.java:700)
at org.testng.internal.Parameters.createConfigurationParameters(Parameters.java:168)
at org.testng.internal.ConfigInvoker.invokeConfigurations(ConfigInvoker.java:302)
at org.testng.TestRunner.invokeTestConfigurations(TestRunner.java:637)
at org.testng.TestRunner.beforeRun(TestRunner.java:627)
at org.testng.TestRunner.run(TestRunner.java:589)
at org.testng.SuiteRunner.runTest(SuiteRunner.java:377)
at org.testng.SuiteRunner.runSequentially(SuiteRunner.java:371)
at org.testng.SuiteRunner.privateRun(SuiteRunner.java:332)
at org.testng.SuiteRunner.run(SuiteRunner.java:276)
at org.testng.SuiteRunnerWorker.runSuite(SuiteRunnerWorker.java:53)
at org.testng.SuiteRunnerWorker.run(SuiteRunnerWorker.java:96)
at org.testng.TestNG.runSuitesSequentially(TestNG.java:1212)
at org.testng.TestNG.runSuitesLocally(TestNG.java:1134)
at org.testng.TestNG.runSuites(TestNG.java:1063)
at org.testng.TestNG.run(TestNG.java:1031)
at org.testng.remote.AbstractRemoteTestNG.run(AbstractRemoteTestNG.java:115)
at org.testng.remote.RemoteTestNG.initAndRun(RemoteTestNG.java:251)
at org.testng.remote.RemoteTestNG.main(RemoteTestNG.java:77)
]]>
    </error>
  </testcase> <!-- lunch -->
  <system-out/>
  <testcase classname="test.Kitchen_decor_test" name="kitchen" time="0.000">
    <skipped/>
  </testcase> <!-- kitchen -->
  <system-out/>
  <testcase classname="test.Kitchen_decor_test" name="select_item" time="0.000">
    <skipped/>
  </testcase> <!-- select_item -->
  <system-out/>
  <testcase classname="test.Kitchen_decor_test" name="ready_to_ship" time="0.000">
    <skipped/>
  </testcase> <!-- ready_to_ship -->
  <system-out/>
</testsuite> <!-- test.Kitchen_decor_test -->
