<!DOCTYPE html PUBLIC "-//W3C//DTD XHTML 1.1//EN" "https://www.w3.org/TR/xhtml11/DTD/xhtml11.dtd">
<html xmlns="https://www.w3.org/1999/xhtml">
<head>
<meta http-equiv="content-type" content="text/html; charset=UTF-8"/>
<title>TestNG Report</title>
<style type="text/css">table {margin-bottom:10px;border-collapse:collapse;empty-cells:show}th,td {border:1px solid #009;padding:.25em .5em}th {vertical-align:bottom}td {vertical-align:top}table a {font-weight:bold}.stripe td {background-color: #E6EBF9}.num {text-align:right}.passedodd td {background-color: #3F3}.passedeven td {background-color: #0A0}.skippedodd td {background-color: #DDD}.skippedeven td {background-color: #CCC}.failedodd td,.attn {background-color: #F33}.failedeven td,.stripe .attn {background-color: #D00}.stacktrace {white-space:pre;font-family:monospace}.totop {font-size:85%;text-align:center;border-bottom:2px solid #000}.invisible {display:none}</style>
</head>
<body>
<table>
<tr><th>Test</th><th># Passed</th><th># Skipped</th><th># Retried</th><th># Failed</th><th>Time (ms)</th><th>Included Groups</th><th>Excluded Groups</th></tr>
<tr><th colspan="8">Suite</th></tr>
<tr><td><a href="#t0">About us</a></td><td class="num">2</td><td class="num">0</td><td class="num">0</td><td class="num">0</td><td class="num">55,292</td><td></td><td></td></tr>
<tr class="stripe"><td><a href="#t1">Buyer page</a></td><td class="num">0</td><td class="num">0</td><td class="num">0</td><td class="num attn">1</td><td class="num">110,514</td><td></td><td></td></tr>
<tr><td><a href="#t2">Check invoice</a></td><td class="num">2</td><td class="num">0</td><td class="num">0</td><td class="num attn">2</td><td class="num">235,583</td><td></td><td></td></tr>
<tr class="stripe"><td><a href="#t3">Link</a></td><td class="num">1</td><td class="num">0</td><td class="num">0</td><td class="num">0</td><td class="num">87,435</td><td></td><td></td></tr>
<tr><td><a href="#t4">Sign_up</a></td><td class="num">4</td><td class="num">0</td><td class="num">0</td><td class="num">0</td><td class="num">81,603</td><td></td><td></td></tr>
<tr class="stripe"><td><a href="#t5">Sign_in</a></td><td class="num">3</td><td class="num">0</td><td class="num">0</td><td class="num attn">1</td><td class="num">76,949</td><td></td><td></td></tr>
<tr><td><a href="#t6">Add to cart</a></td><td class="num">6</td><td class="num">0</td><td class="num">0</td><td class="num">0</td><td class="num">157,369</td><td></td><td></td></tr>
<tr class="stripe"><td><a href="#t7">Update profile </a></td><td class="num">2</td><td class="num">0</td><td class="num">0</td><td class="num">0</td><td class="num">92,757</td><td></td><td></td></tr>
<tr><td><a href="#t8">Edit Profile</a></td><td class="num">4</td><td class="num">0</td><td class="num">0</td><td class="num">0</td><td class="num">264,430</td><td></td><td></td></tr>
<tr class="stripe"><td><a href="#t9">Social link</a></td><td class="num">1</td><td class="num">0</td><td class="num">0</td><td class="num">0</td><td class="num">107,253</td><td></td><td></td></tr>
<tr><td><a href="#t10">Test9</a></td><td class="num">0</td><td class="num">0</td><td class="num">0</td><td class="num attn">1</td><td class="num">64,200</td><td></td><td></td></tr>
<tr class="stripe"><td><a href="#t11">All tab working</a></td><td class="num">1</td><td class="num">0</td><td class="num">0</td><td class="num">0</td><td class="num">325,957</td><td></td><td></td></tr>
<tr><th>Total</th><th class="num">26</th><th class="num">0</th><th class="num">0</th><th class="num attn">5</th><th class="num">1,659,342</th><th colspan="2"></th></tr>
</table>
<table id='summary'><thead><tr><th>Class</th><th>Method</th><th>Start</th><th>Time (ms)</th></tr></thead><tbody><tr><th colspan="4">Suite</th></tr></tbody><tbody id="t0"><tr><th colspan="4">About us &#8212; passed</th></tr><tr class="passedeven"><td rowspan="2">test.About_us_test</td><td><a href="#m0">about_us</a></td><td rowspan="1">1685015115505</td><td rowspan="1">4376</td></tr><tr class="passedeven"><td><a href="#m1">shared_values</a></td><td rowspan="1">1685015119910</td><td rowspan="1">3773</td></tr></tbody>
<tbody id="t1"><tr><th colspan="4">Buyer page &#8212; failed</th></tr><tr class="failedeven"><td rowspan="1">test.Buyer_service_page_test</td><td><a href="#m2">account1</a></td><td rowspan="1">1685015183910</td><td rowspan="1">50542</td></tr></tbody>
<tbody id="t2"><tr><th colspan="4">Check invoice &#8212; failed</th></tr><tr class="failedeven"><td rowspan="2">test.Check_order_test</td><td><a href="#m3">Management</a></td><td rowspan="1">1685015459788</td><td rowspan="1">10109</td></tr><tr class="failedeven"><td><a href="#m4">manage_order</a></td><td rowspan="1">1685015435311</td><td rowspan="1">24477</td></tr><tr><th colspan="4">Check invoice &#8212; passed</th></tr><tr class="passedeven"><td rowspan="2">test.Check_order_test</td><td><a href="#m5">invoice</a></td><td rowspan="1">1685015407599</td><td rowspan="1">27712</td></tr><tr class="passedeven"><td><a href="#m6">sign_in_central</a></td><td rowspan="1">1685015396795</td><td rowspan="1">10803</td></tr></tbody>
<tbody id="t3"><tr><th colspan="4">Link &#8212; passed</th></tr><tr class="passedeven"><td rowspan="1">test.links_test</td><td><a href="#m7">links</a></td><td rowspan="1">1685015508641</td><td rowspan="1">49059</td></tr></tbody>
<tbody id="t4"><tr><th colspan="4">Sign_up &#8212; passed</th></tr><tr class="passedeven"><td rowspan="4">test.Sign_up_test</td><td><a href="#m8">Sign_up_first</a></td><td rowspan="1">1685015596538</td><td rowspan="1">8305</td></tr><tr class="passedeven"><td><a href="#m9">Verify_msg</a></td><td rowspan="1">1685015629161</td><td rowspan="1">10145</td></tr><tr class="passedeven"><td><a href="#m10">sign_up_second_page</a></td><td rowspan="1">1685015604845</td><td rowspan="1">8882</td></tr><tr class="passedeven"><td><a href="#m11">third_page_sign_up</a></td><td rowspan="1">1685015613728</td><td rowspan="1">15432</td></tr></tbody>
<tbody id="t5"><tr><th colspan="4">Sign_in &#8212; failed</th></tr><tr class="failedeven"><td rowspan="1">test.Sign_in_test</td><td><a href="#m12">sign</a></td><td rowspan="1">1685015705194</td><td rowspan="1">10945</td></tr><tr><th colspan="4">Sign_in &#8212; passed</th></tr><tr class="passedeven"><td rowspan="3">test.Sign_in_test</td><td><a href="#m13">invalid_password</a></td><td rowspan="1">1685015684642</td><td rowspan="1">12029</td></tr><tr class="passedeven"><td><a href="#m14">invalid_username</a></td><td rowspan="1">1685015696672</td><td rowspan="1">8521</td></tr><tr class="passedeven"><td><a href="#m15">sign_in</a></td><td rowspan="1">1685015678558</td><td rowspan="1">6083</td></tr></tbody>
<tbody id="t6"><tr><th colspan="4">Add to cart &#8212; passed</th></tr><tr class="passedeven"><td rowspan="6">test.Add_to_cart_test</td><td><a href="#m16">choose</a></td><td rowspan="1">1685015790261</td><td rowspan="1">6296</td></tr><tr class="passedeven"><td><a href="#m17">gotocart</a></td><td rowspan="1">1685015822826</td><td rowspan="1">14409</td></tr><tr class="passedeven"><td><a href="#m18">kitchen</a></td><td rowspan="1">1685015772939</td><td rowspan="1">17322</td></tr><tr class="passedeven"><td><a href="#m19">ready_to_ship</a></td><td rowspan="1">1685015837236</td><td rowspan="1">36189</td></tr><tr class="passedeven"><td><a href="#m20">select_item</a></td><td rowspan="1">1685015796557</td><td rowspan="1">26269</td></tr><tr class="passedeven"><td><a href="#m21">sign_in_add</a></td><td rowspan="1">1685015756147</td><td rowspan="1">16791</td></tr></tbody>
<tbody id="t7"><tr><th colspan="4">Update profile  &#8212; passed</th></tr><tr class="passedeven"><td rowspan="2">test.Profile_test</td><td><a href="#m22">my_account</a></td><td rowspan="1">1685015927831</td><td rowspan="1">18543</td></tr><tr class="passedeven"><td><a href="#m23">profile</a></td><td rowspan="1">1685015946374</td><td rowspan="1">19996</td></tr></tbody>
<tbody id="t8"><tr><th colspan="4">Edit Profile &#8212; passed</th></tr><tr class="passedeven"><td rowspan="4">test.Profile_edit_test</td><td><a href="#m24">Edit_profile</a></td><td rowspan="1">1685016021686</td><td rowspan="1">21166</td></tr><tr class="passedeven"><td><a href="#m25">edt_info</a></td><td rowspan="1">1685016042852</td><td rowspan="1">17477</td></tr><tr class="passedeven"><td><a href="#m26">password_reset_again</a></td><td rowspan="1">1685016060330</td><td rowspan="1">69151</td></tr><tr class="passedeven"><td><a href="#m27">reset_password_again</a></td><td rowspan="1">1685016129481</td><td rowspan="1">100424</td></tr></tbody>
<tbody id="t9"><tr><th colspan="4">Social link &#8212; passed</th></tr><tr class="passedeven"><td rowspan="1">test.Social_link_test</td><td><a href="#m28">Social_links</a></td><td rowspan="1">1685016272459</td><td rowspan="1">65168</td></tr></tbody>
<tbody id="t10"><tr><th colspan="4">Test9 &#8212; failed</th></tr><tr class="failedeven"><td rowspan="1">test.Unlock_special_offer_test</td><td><a href="#m29">Unloac_offer_price</a></td><td rowspan="1">1685016379342</td><td rowspan="1">22970</td></tr></tbody>
<tbody id="t11"><tr><th colspan="4">All tab working &#8212; passed</th></tr><tr class="passedeven"><td rowspan="1">test.All_category_working_test</td><td><a href="#m30">links</a></td><td rowspan="1">1685016442512</td><td rowspan="1">285696</td></tr></tbody>
</table>
<h2>About us</h2><h3 id="m0">test.About_us_test#about_us</h3><table class="result"><tr><th class="invisible"/></tr></table><p class="totop"><a href="#summary">back to summary</a></p>
<h3 id="m1">test.About_us_test#shared_values</h3><table class="result"><tr><th class="invisible"/></tr></table><p class="totop"><a href="#summary">back to summary</a></p>
<h2>Buyer page</h2><h3 id="m2">test.Buyer_service_page_test#account1</h3><table class="result"><tr><th>Exception</th></tr><tr><td><div class="stacktrace">java.lang.IndexOutOfBoundsException: Index 3 out of bounds for length 3
	at java.base/jdk.internal.util.Preconditions.outOfBounds(Preconditions.java:100)
	at java.base/jdk.internal.util.Preconditions.outOfBoundsCheckIndex(Preconditions.java:106)
	at java.base/jdk.internal.util.Preconditions.checkIndex(Preconditions.java:302)
	at java.base/java.util.Objects.checkIndex(Objects.java:385)
	at java.base/java.util.ArrayList.get(ArrayList.java:427)
	at pages.buyer_services.click_on_page(buyer_services.java:85)
	at pages.buyer_services.click_on_page(buyer_services.java:105)
	at pages.buyer_services.click_on_page(buyer_services.java:105)
	at pages.buyer_services.account(buyer_services.java:139)
	at pages.buyer_services.back_to_page_account(buyer_services.java:175)
	at test.Buyer_service_page_test.account1(Buyer_service_page_test.java:54)
	at java.base/java.util.ArrayList.forEach(ArrayList.java:1511)
... Removed 25 stack frames</div></td></tr></table><p class="totop"><a href="#summary">back to summary</a></p>
<h2>Check invoice</h2><h3 id="m3">test.Check_order_test#Management</h3><table class="result"><tr><th>Exception</th></tr><tr><td><div class="stacktrace">java.lang.AssertionError: expected [] but found [20232505-000201]
	at pages.Check_order.buyer_management(Check_order.java:545)
	at test.Check_order_test.Management(Check_order_test.java:88)
	at java.base/java.util.ArrayList.forEach(ArrayList.java:1511)
... Removed 31 stack frames</div></td></tr></table><p class="totop"><a href="#summary">back to summary</a></p>
<h3 id="m4">test.Check_order_test#manage_order</h3><table class="result"><tr><th>Exception</th></tr><tr><td><div class="stacktrace">org.openqa.selenium.NoSuchElementException: no such element: Unable to locate element: {&quot;method&quot;:&quot;xpath&quot;,&quot;selector&quot;:&quot;//div[@id=&quot;rts-inter-order-view&quot;]//tr//td[contains(text(),&apos;20232505-000201&apos;)]//following-sibling::td//i[contains(@title,&apos;View Details&apos;)]&quot;}
  (Session info: chrome=113.0.5672.127)
For documentation on this error, please visit: https://www.seleniumhq.org/exceptions/no_such_element.html
Build info: version: &apos;3.141.59&apos;, revision: &apos;e82be7d358&apos;, time: &apos;2018-11-14T08:17:03&apos;
System info: host: &apos;DESKTOP-S4S1GDB&apos;, ip: &apos;192.168.5.199&apos;, os.name: &apos;Windows 11&apos;, os.arch: &apos;amd64&apos;, os.version: &apos;10.0&apos;, java.version: &apos;20&apos;
Driver info: org.openqa.selenium.chrome.ChromeDriver
Capabilities {acceptInsecureCerts: false, browserName: chrome, browserVersion: 113.0.5672.127, chrome: {chromedriverVersion: 112.0.5615.49 (bd2a7bcb881c..., userDataDir: C:\Users\ROHIT~1.KAS\AppDat...}, goog:chromeOptions: {debuggerAddress: localhost:50139}, javascriptEnabled: true, networkConnectionEnabled: false, pageLoadStrategy: normal, platform: WINDOWS, platformName: WINDOWS, proxy: Proxy(), setWindowRect: true, strictFileInteractability: false, timeouts: {implicit: 0, pageLoad: 300000, script: 30000}, unhandledPromptBehavior: dismiss and notify, webauthn:extension:credBlob: true, webauthn:extension:largeBlob: true, webauthn:extension:minPinLength: true, webauthn:extension:prf: true, webauthn:virtualAuthenticators: true}
Session ID: 6de5c7afdd11360b0ae3d2de83f11964
*** Element info: {Using=xpath, value=//div[@id=&quot;rts-inter-order-view&quot;]//tr//td[contains(text(),&apos;20232505-000201&apos;)]//following-sibling::td//i[contains(@title,&apos;View Details&apos;)]}
	at org.openqa.selenium.remote.http.W3CHttpResponseCodec.createException(W3CHttpResponseCodec.java:187)
	at org.openqa.selenium.remote.http.W3CHttpResponseCodec.decode(W3CHttpResponseCodec.java:122)
	at org.openqa.selenium.remote.http.W3CHttpResponseCodec.decode(W3CHttpResponseCodec.java:49)
	at org.openqa.selenium.remote.HttpCommandExecutor.execute(HttpCommandExecutor.java:158)
	at org.openqa.selenium.remote.service.DriverCommandExecutor.execute(DriverCommandExecutor.java:83)
	at org.openqa.selenium.remote.RemoteWebDriver.execute(RemoteWebDriver.java:552)
	at org.openqa.selenium.remote.RemoteWebDriver.findElement(RemoteWebDriver.java:323)
	at org.openqa.selenium.remote.RemoteWebDriver.findElementByXPath(RemoteWebDriver.java:428)
	at org.openqa.selenium.By$ByXPath.findElement(By.java:353)
	at org.openqa.selenium.remote.RemoteWebDriver.findElement(RemoteWebDriver.java:315)
	at pages.Check_order.manage_order_view(Check_order.java:290)
	at pages.Check_order.manage_order(Check_order.java:479)
	at test.Check_order_test.manage_order(Check_order_test.java:76)
	at java.base/java.util.ArrayList.forEach(ArrayList.java:1511)
... Removed 28 stack frames</div></td></tr></table><p class="totop"><a href="#summary">back to summary</a></p>
<h3 id="m5">test.Check_order_test#invoice</h3><table class="result"><tr><th class="invisible"/></tr></table><p class="totop"><a href="#summary">back to summary</a></p>
<h3 id="m6">test.Check_order_test#sign_in_central</h3><table class="result"><tr><th class="invisible"/></tr></table><p class="totop"><a href="#summary">back to summary</a></p>
<h2>Link</h2><h3 id="m7">test.links_test#links</h3><table class="result"><tr><th class="invisible"/></tr></table><p class="totop"><a href="#summary">back to summary</a></p>
<h2>Sign_up</h2><h3 id="m8">test.Sign_up_test#Sign_up_first</h3><table class="result"><tr><th class="invisible"/></tr></table><p class="totop"><a href="#summary">back to summary</a></p>
<h3 id="m9">test.Sign_up_test#Verify_msg</h3><table class="result"><tr><th class="invisible"/></tr></table><p class="totop"><a href="#summary">back to summary</a></p>
<h3 id="m10">test.Sign_up_test#sign_up_second_page</h3><table class="result"><tr><th class="invisible"/></tr></table><p class="totop"><a href="#summary">back to summary</a></p>
<h3 id="m11">test.Sign_up_test#third_page_sign_up</h3><table class="result"><tr><th class="invisible"/></tr></table><p class="totop"><a href="#summary">back to summary</a></p>
<h2>Sign_in</h2><h3 id="m12">test.Sign_in_test#sign</h3><table class="result"><tr><th>Exception</th></tr><tr><td><div class="stacktrace">java.lang.AssertionError: expected [Success You are now logged in.] but found []
	at test.Sign_in_test.sign(Sign_in_test.java:113)
	at java.base/java.util.ArrayList.forEach(ArrayList.java:1511)
... Removed 31 stack frames</div></td></tr></table><p class="totop"><a href="#summary">back to summary</a></p>
<h3 id="m13">test.Sign_in_test#invalid_password</h3><table class="result"><tr><th class="invisible"/></tr></table><p class="totop"><a href="#summary">back to summary</a></p>
<h3 id="m14">test.Sign_in_test#invalid_username</h3><table class="result"><tr><th class="invisible"/></tr></table><p class="totop"><a href="#summary">back to summary</a></p>
<h3 id="m15">test.Sign_in_test#sign_in</h3><table class="result"><tr><th class="invisible"/></tr></table><p class="totop"><a href="#summary">back to summary</a></p>
<h2>Add to cart</h2><h3 id="m16">test.Add_to_cart_test#choose</h3><table class="result"><tr><th class="invisible"/></tr></table><p class="totop"><a href="#summary">back to summary</a></p>
<h3 id="m17">test.Add_to_cart_test#gotocart</h3><table class="result"><tr><th class="invisible"/></tr></table><p class="totop"><a href="#summary">back to summary</a></p>
<h3 id="m18">test.Add_to_cart_test#kitchen</h3><table class="result"><tr><th class="invisible"/></tr></table><p class="totop"><a href="#summary">back to summary</a></p>
<h3 id="m19">test.Add_to_cart_test#ready_to_ship</h3><table class="result"><tr><th class="invisible"/></tr></table><p class="totop"><a href="#summary">back to summary</a></p>
<h3 id="m20">test.Add_to_cart_test#select_item</h3><table class="result"><tr><th class="invisible"/></tr></table><p class="totop"><a href="#summary">back to summary</a></p>
<h3 id="m21">test.Add_to_cart_test#sign_in_add</h3><table class="result"><tr><th class="invisible"/></tr></table><p class="totop"><a href="#summary">back to summary</a></p>
<h2>Update profile </h2><h3 id="m22">test.Profile_test#my_account</h3><table class="result"><tr><th class="invisible"/></tr></table><p class="totop"><a href="#summary">back to summary</a></p>
<h3 id="m23">test.Profile_test#profile</h3><table class="result"><tr><th class="invisible"/></tr></table><p class="totop"><a href="#summary">back to summary</a></p>
<h2>Edit Profile</h2><h3 id="m24">test.Profile_edit_test#Edit_profile</h3><table class="result"><tr><th class="invisible"/></tr></table><p class="totop"><a href="#summary">back to summary</a></p>
<h3 id="m25">test.Profile_edit_test#edt_info</h3><table class="result"><tr><th class="invisible"/></tr></table><p class="totop"><a href="#summary">back to summary</a></p>
<h3 id="m26">test.Profile_edit_test#password_reset_again</h3><table class="result"><tr><th class="invisible"/></tr></table><p class="totop"><a href="#summary">back to summary</a></p>
<h3 id="m27">test.Profile_edit_test#reset_password_again</h3><table class="result"><tr><th class="invisible"/></tr></table><p class="totop"><a href="#summary">back to summary</a></p>
<h2>Social link</h2><h3 id="m28">test.Social_link_test#Social_links</h3><table class="result"><tr><th class="invisible"/></tr></table><p class="totop"><a href="#summary">back to summary</a></p>
<h2>Test9</h2><h3 id="m29">test.Unlock_special_offer_test#Unloac_offer_price</h3><table class="result"><tr><th>Exception</th></tr><tr><td><div class="stacktrace">java.lang.AssertionError: expected [Your form has been submitted. We&apos;ll be in touch really soon.] but found [null]
	at test.Unlock_special_offer_test.Unloac_offer_price(Unlock_special_offer_test.java:53)
	at java.base/java.util.ArrayList.forEach(ArrayList.java:1511)
... Removed 31 stack frames</div></td></tr></table><p class="totop"><a href="#summary">back to summary</a></p>
<h2>All tab working</h2><h3 id="m30">test.All_category_working_test#links</h3><table class="result"><tr><th class="invisible"/></tr></table><p class="totop"><a href="#summary">back to summary</a></p>
</body>
</html>
