<?xml version="1.0" encoding="UTF-8"?>
<testng-results ignored="0" total="31" passed="26" failed="5" skipped="0">
  <reporter-output>
  </reporter-output>
  <suite started-at="2023-05-25T17:14:29 IST" name="Suite" finished-at="2023-05-25T17:42:09 IST" duration-ms="1659531">
    <groups>
    </groups>
    <test started-at="2023-05-25T17:14:29 IST" name="About us" finished-at="2023-05-25T17:15:24 IST" duration-ms="55292">
      <class name="test.About_us_test">
        <test-method is-config="true" signature="launch(java.lang.String,java.lang.String)[pri:0, instance:test.About_us_test@1a451d4d]" started-at="2023-05-25T17:14:29 IST" name="launch" finished-at="2023-05-25T17:15:15 IST" duration-ms="45796" status="PASS">
          <params>
            <param index="0">
              <value>
                <![CDATA[chrome]]>
              </value>
            </param>
            <param index="1">
              <value>
                <![CDATA[Stage]]>
              </value>
            </param>
          </params>
          <reporter-output>
          </reporter-output>
        </test-method> <!-- launch -->
        <test-method signature="about_us()[pri:1, instance:test.About_us_test@1a451d4d]" started-at="2023-05-25T17:15:15 IST" name="about_us" finished-at="2023-05-25T17:15:19 IST" duration-ms="4376" status="PASS">
          <reporter-output>
          </reporter-output>
        </test-method> <!-- about_us -->
        <test-method signature="shared_values()[pri:2, instance:test.About_us_test@1a451d4d]" started-at="2023-05-25T17:15:19 IST" name="shared_values" finished-at="2023-05-25T17:15:23 IST" duration-ms="3773" status="PASS">
          <reporter-output>
          </reporter-output>
        </test-method> <!-- shared_values -->
        <test-method is-config="true" signature="tear_down()[pri:0, instance:test.About_us_test@1a451d4d]" started-at="2023-05-25T17:15:23 IST" name="tear_down" finished-at="2023-05-25T17:15:24 IST" duration-ms="1271" status="PASS">
          <reporter-output>
          </reporter-output>
        </test-method> <!-- tear_down -->
      </class> <!-- test.About_us_test -->
    </test> <!-- About us -->
    <test started-at="2023-05-25T17:15:25 IST" name="Buyer page" finished-at="2023-05-25T17:17:15 IST" duration-ms="110514">
      <class name="test.Buyer_service_page_test">
        <test-method is-config="true" signature="lunch(java.lang.String,java.lang.String)[pri:0, instance:test.Buyer_service_page_test@3febb011]" started-at="2023-05-25T17:15:25 IST" name="lunch" finished-at="2023-05-25T17:16:23 IST" duration-ms="58905" status="PASS">
          <params>
            <param index="0">
              <value>
                <![CDATA[chrome]]>
              </value>
            </param>
            <param index="1">
              <value>
                <![CDATA[Stage]]>
              </value>
            </param>
          </params>
          <reporter-output>
          </reporter-output>
        </test-method> <!-- lunch -->
        <test-method signature="account1()[pri:1, instance:test.Buyer_service_page_test@3febb011]" started-at="2023-05-25T17:16:23 IST" name="account1" finished-at="2023-05-25T17:17:14 IST" duration-ms="50542" status="FAIL">
          <exception class="java.lang.IndexOutOfBoundsException">
            <message>
              <![CDATA[Index 3 out of bounds for length 3]]>
            </message>
            <full-stacktrace>
              <![CDATA[java.lang.IndexOutOfBoundsException: Index 3 out of bounds for length 3
at java.base/jdk.internal.util.Preconditions.outOfBounds(Preconditions.java:100)
at java.base/jdk.internal.util.Preconditions.outOfBoundsCheckIndex(Preconditions.java:106)
at java.base/jdk.internal.util.Preconditions.checkIndex(Preconditions.java:302)
at java.base/java.util.Objects.checkIndex(Objects.java:385)
at java.base/java.util.ArrayList.get(ArrayList.java:427)
at pages.buyer_services.click_on_page(buyer_services.java:85)
at pages.buyer_services.click_on_page(buyer_services.java:105)
at pages.buyer_services.click_on_page(buyer_services.java:105)
at pages.buyer_services.account(buyer_services.java:139)
at pages.buyer_services.back_to_page_account(buyer_services.java:175)
at test.Buyer_service_page_test.account1(Buyer_service_page_test.java:54)
at java.base/jdk.internal.reflect.DirectMethodHandleAccessor.invoke(DirectMethodHandleAccessor.java:104)
at java.base/java.lang.reflect.Method.invoke(Method.java:578)
at org.testng.internal.MethodInvocationHelper.invokeMethod(MethodInvocationHelper.java:133)
at org.testng.internal.TestInvoker.invokeMethod(TestInvoker.java:598)
at org.testng.internal.TestInvoker.invokeTestMethod(TestInvoker.java:173)
at org.testng.internal.MethodRunner.runInSequence(MethodRunner.java:46)
at org.testng.internal.TestInvoker$MethodInvocationAgent.invoke(TestInvoker.java:824)
at org.testng.internal.TestInvoker.invokeTestMethods(TestInvoker.java:146)
at org.testng.internal.TestMethodWorker.invokeTestMethods(TestMethodWorker.java:146)
at org.testng.internal.TestMethodWorker.run(TestMethodWorker.java:128)
at java.base/java.util.ArrayList.forEach(ArrayList.java:1511)
at org.testng.TestRunner.privateRun(TestRunner.java:794)
at org.testng.TestRunner.run(TestRunner.java:596)
at org.testng.SuiteRunner.runTest(SuiteRunner.java:377)
at org.testng.SuiteRunner.runSequentially(SuiteRunner.java:371)
at org.testng.SuiteRunner.privateRun(SuiteRunner.java:332)
at org.testng.SuiteRunner.run(SuiteRunner.java:276)
at org.testng.SuiteRunnerWorker.runSuite(SuiteRunnerWorker.java:53)
at org.testng.SuiteRunnerWorker.run(SuiteRunnerWorker.java:96)
at org.testng.TestNG.runSuitesSequentially(TestNG.java:1212)
at org.testng.TestNG.runSuitesLocally(TestNG.java:1134)
at org.testng.TestNG.runSuites(TestNG.java:1063)
at org.testng.TestNG.run(TestNG.java:1031)
at org.testng.remote.AbstractRemoteTestNG.run(AbstractRemoteTestNG.java:115)
at org.testng.remote.RemoteTestNG.initAndRun(RemoteTestNG.java:251)
at org.testng.remote.RemoteTestNG.main(RemoteTestNG.java:77)
]]>
            </full-stacktrace>
          </exception> <!-- java.lang.IndexOutOfBoundsException -->
          <reporter-output>
          </reporter-output>
        </test-method> <!-- account1 -->
        <test-method is-config="true" signature="close()[pri:0, instance:test.Buyer_service_page_test@3febb011]" started-at="2023-05-25T17:17:14 IST" name="close" finished-at="2023-05-25T17:17:15 IST" duration-ms="1062" status="PASS">
          <reporter-output>
          </reporter-output>
        </test-method> <!-- close -->
      </class> <!-- test.Buyer_service_page_test -->
    </test> <!-- Buyer page -->
    <test started-at="2023-05-25T17:17:15 IST" name="Check invoice" finished-at="2023-05-25T17:21:11 IST" duration-ms="235583">
      <class name="test.Check_order_test">
        <test-method is-config="true" signature="launch_browser(java.lang.String,java.lang.String)[pri:0, instance:test.Check_order_test@6adbc9d]" started-at="2023-05-25T17:17:15 IST" name="launch_browser" finished-at="2023-05-25T17:19:56 IST" duration-ms="161245" status="PASS">
          <params>
            <param index="0">
              <value>
                <![CDATA[chrome]]>
              </value>
            </param>
            <param index="1">
              <value>
                <![CDATA[Stage]]>
              </value>
            </param>
          </params>
          <reporter-output>
          </reporter-output>
        </test-method> <!-- launch_browser -->
        <test-method signature="sign_in_central()[pri:1, instance:test.Check_order_test@6adbc9d]" started-at="2023-05-25T17:19:56 IST" name="sign_in_central" finished-at="2023-05-25T17:20:07 IST" duration-ms="10803" status="PASS">
          <reporter-output>
          </reporter-output>
        </test-method> <!-- sign_in_central -->
        <test-method signature="invoice()[pri:2, instance:test.Check_order_test@6adbc9d]" started-at="2023-05-25T17:20:07 IST" name="invoice" finished-at="2023-05-25T17:20:35 IST" duration-ms="27712" status="PASS">
          <reporter-output>
          </reporter-output>
        </test-method> <!-- invoice -->
        <test-method signature="manage_order()[pri:3, instance:test.Check_order_test@6adbc9d]" started-at="2023-05-25T17:20:35 IST" name="manage_order" finished-at="2023-05-25T17:20:59 IST" duration-ms="24477" status="FAIL">
          <exception class="org.openqa.selenium.NoSuchElementException">
            <message>
              <![CDATA[no such element: Unable to locate element: {"method":"xpath","selector":"//div[@id="rts-inter-order-view"]//tr//td[contains(text(),'20232505-000201')]//following-sibling::td//i[contains(@title,'View Details')]"}
  (Session info: chrome=113.0.5672.127)
For documentation on this error, please visit: https://www.seleniumhq.org/exceptions/no_such_element.html
Build info: version: '3.141.59', revision: 'e82be7d358', time: '2018-11-14T08:17:03'
System info: host: 'DESKTOP-S4S1GDB', ip: '192.168.5.199', os.name: 'Windows 11', os.arch: 'amd64', os.version: '10.0', java.version: '20'
Driver info: org.openqa.selenium.chrome.ChromeDriver
Capabilities {acceptInsecureCerts: false, browserName: chrome, browserVersion: 113.0.5672.127, chrome: {chromedriverVersion: 112.0.5615.49 (bd2a7bcb881c..., userDataDir: C:\Users\ROHIT~1.KAS\AppDat...}, goog:chromeOptions: {debuggerAddress: localhost:50139}, javascriptEnabled: true, networkConnectionEnabled: false, pageLoadStrategy: normal, platform: WINDOWS, platformName: WINDOWS, proxy: Proxy(), setWindowRect: true, strictFileInteractability: false, timeouts: {implicit: 0, pageLoad: 300000, script: 30000}, unhandledPromptBehavior: dismiss and notify, webauthn:extension:credBlob: true, webauthn:extension:largeBlob: true, webauthn:extension:minPinLength: true, webauthn:extension:prf: true, webauthn:virtualAuthenticators: true}
Session ID: 6de5c7afdd11360b0ae3d2de83f11964
*** Element info: {Using=xpath, value=//div[@id="rts-inter-order-view"]//tr//td[contains(text(),'20232505-000201')]//following-sibling::td//i[contains(@title,'View Details')]}]]>
            </message>
            <full-stacktrace>
              <![CDATA[org.openqa.selenium.NoSuchElementException: no such element: Unable to locate element: {"method":"xpath","selector":"//div[@id="rts-inter-order-view"]//tr//td[contains(text(),'20232505-000201')]//following-sibling::td//i[contains(@title,'View Details')]"}
  (Session info: chrome=113.0.5672.127)
For documentation on this error, please visit: https://www.seleniumhq.org/exceptions/no_such_element.html
Build info: version: '3.141.59', revision: 'e82be7d358', time: '2018-11-14T08:17:03'
System info: host: 'DESKTOP-S4S1GDB', ip: '192.168.5.199', os.name: 'Windows 11', os.arch: 'amd64', os.version: '10.0', java.version: '20'
Driver info: org.openqa.selenium.chrome.ChromeDriver
Capabilities {acceptInsecureCerts: false, browserName: chrome, browserVersion: 113.0.5672.127, chrome: {chromedriverVersion: 112.0.5615.49 (bd2a7bcb881c..., userDataDir: C:\Users\ROHIT~1.KAS\AppDat...}, goog:chromeOptions: {debuggerAddress: localhost:50139}, javascriptEnabled: true, networkConnectionEnabled: false, pageLoadStrategy: normal, platform: WINDOWS, platformName: WINDOWS, proxy: Proxy(), setWindowRect: true, strictFileInteractability: false, timeouts: {implicit: 0, pageLoad: 300000, script: 30000}, unhandledPromptBehavior: dismiss and notify, webauthn:extension:credBlob: true, webauthn:extension:largeBlob: true, webauthn:extension:minPinLength: true, webauthn:extension:prf: true, webauthn:virtualAuthenticators: true}
Session ID: 6de5c7afdd11360b0ae3d2de83f11964
*** Element info: {Using=xpath, value=//div[@id="rts-inter-order-view"]//tr//td[contains(text(),'20232505-000201')]//following-sibling::td//i[contains(@title,'View Details')]}
at java.base/jdk.internal.reflect.DirectConstructorHandleAccessor.newInstance(DirectConstructorHandleAccessor.java:67)
at java.base/java.lang.reflect.Constructor.newInstanceWithCaller(Constructor.java:500)
at java.base/java.lang.reflect.Constructor.newInstance(Constructor.java:484)
at org.openqa.selenium.remote.http.W3CHttpResponseCodec.createException(W3CHttpResponseCodec.java:187)
at org.openqa.selenium.remote.http.W3CHttpResponseCodec.decode(W3CHttpResponseCodec.java:122)
at org.openqa.selenium.remote.http.W3CHttpResponseCodec.decode(W3CHttpResponseCodec.java:49)
at org.openqa.selenium.remote.HttpCommandExecutor.execute(HttpCommandExecutor.java:158)
at org.openqa.selenium.remote.service.DriverCommandExecutor.execute(DriverCommandExecutor.java:83)
at org.openqa.selenium.remote.RemoteWebDriver.execute(RemoteWebDriver.java:552)
at org.openqa.selenium.remote.RemoteWebDriver.findElement(RemoteWebDriver.java:323)
at org.openqa.selenium.remote.RemoteWebDriver.findElementByXPath(RemoteWebDriver.java:428)
at org.openqa.selenium.By$ByXPath.findElement(By.java:353)
at org.openqa.selenium.remote.RemoteWebDriver.findElement(RemoteWebDriver.java:315)
at pages.Check_order.manage_order_view(Check_order.java:290)
at pages.Check_order.manage_order(Check_order.java:479)
at test.Check_order_test.manage_order(Check_order_test.java:76)
at java.base/jdk.internal.reflect.DirectMethodHandleAccessor.invoke(DirectMethodHandleAccessor.java:104)
at java.base/java.lang.reflect.Method.invoke(Method.java:578)
at org.testng.internal.MethodInvocationHelper.invokeMethod(MethodInvocationHelper.java:133)
at org.testng.internal.TestInvoker.invokeMethod(TestInvoker.java:598)
at org.testng.internal.TestInvoker.invokeTestMethod(TestInvoker.java:173)
at org.testng.internal.MethodRunner.runInSequence(MethodRunner.java:46)
at org.testng.internal.TestInvoker$MethodInvocationAgent.invoke(TestInvoker.java:824)
at org.testng.internal.TestInvoker.invokeTestMethods(TestInvoker.java:146)
at org.testng.internal.TestMethodWorker.invokeTestMethods(TestMethodWorker.java:146)
at org.testng.internal.TestMethodWorker.run(TestMethodWorker.java:128)
at java.base/java.util.ArrayList.forEach(ArrayList.java:1511)
at org.testng.TestRunner.privateRun(TestRunner.java:794)
at org.testng.TestRunner.run(TestRunner.java:596)
at org.testng.SuiteRunner.runTest(SuiteRunner.java:377)
at org.testng.SuiteRunner.runSequentially(SuiteRunner.java:371)
at org.testng.SuiteRunner.privateRun(SuiteRunner.java:332)
at org.testng.SuiteRunner.run(SuiteRunner.java:276)
at org.testng.SuiteRunnerWorker.runSuite(SuiteRunnerWorker.java:53)
at org.testng.SuiteRunnerWorker.run(SuiteRunnerWorker.java:96)
at org.testng.TestNG.runSuitesSequentially(TestNG.java:1212)
at org.testng.TestNG.runSuitesLocally(TestNG.java:1134)
at org.testng.TestNG.runSuites(TestNG.java:1063)
at org.testng.TestNG.run(TestNG.java:1031)
at org.testng.remote.AbstractRemoteTestNG.run(AbstractRemoteTestNG.java:115)
at org.testng.remote.RemoteTestNG.initAndRun(RemoteTestNG.java:251)
at org.testng.remote.RemoteTestNG.main(RemoteTestNG.java:77)
]]>
            </full-stacktrace>
          </exception> <!-- org.openqa.selenium.NoSuchElementException -->
          <reporter-output>
          </reporter-output>
        </test-method> <!-- manage_order -->
        <test-method signature="Management()[pri:4, instance:test.Check_order_test@6adbc9d]" started-at="2023-05-25T17:20:59 IST" name="Management" finished-at="2023-05-25T17:21:09 IST" duration-ms="10109" status="FAIL">
          <exception class="java.lang.AssertionError">
            <message>
              <![CDATA[expected [] but found [20232505-000201]]]>
            </message>
            <full-stacktrace>
              <![CDATA[java.lang.AssertionError: expected [] but found [20232505-000201]
at org.testng.Assert.fail(Assert.java:99)
at org.testng.Assert.failNotEquals(Assert.java:1037)
at org.testng.Assert.assertEqualsImpl(Assert.java:140)
at org.testng.Assert.assertEquals(Assert.java:122)
at org.testng.Assert.assertEquals(Assert.java:629)
at org.testng.Assert.assertEquals(Assert.java:639)
at pages.Check_order.buyer_management(Check_order.java:545)
at test.Check_order_test.Management(Check_order_test.java:88)
at java.base/jdk.internal.reflect.DirectMethodHandleAccessor.invoke(DirectMethodHandleAccessor.java:104)
at java.base/java.lang.reflect.Method.invoke(Method.java:578)
at org.testng.internal.MethodInvocationHelper.invokeMethod(MethodInvocationHelper.java:133)
at org.testng.internal.TestInvoker.invokeMethod(TestInvoker.java:598)
at org.testng.internal.TestInvoker.invokeTestMethod(TestInvoker.java:173)
at org.testng.internal.MethodRunner.runInSequence(MethodRunner.java:46)
at org.testng.internal.TestInvoker$MethodInvocationAgent.invoke(TestInvoker.java:824)
at org.testng.internal.TestInvoker.invokeTestMethods(TestInvoker.java:146)
at org.testng.internal.TestMethodWorker.invokeTestMethods(TestMethodWorker.java:146)
at org.testng.internal.TestMethodWorker.run(TestMethodWorker.java:128)
at java.base/java.util.ArrayList.forEach(ArrayList.java:1511)
at org.testng.TestRunner.privateRun(TestRunner.java:794)
at org.testng.TestRunner.run(TestRunner.java:596)
at org.testng.SuiteRunner.runTest(SuiteRunner.java:377)
at org.testng.SuiteRunner.runSequentially(SuiteRunner.java:371)
at org.testng.SuiteRunner.privateRun(SuiteRunner.java:332)
at org.testng.SuiteRunner.run(SuiteRunner.java:276)
at org.testng.SuiteRunnerWorker.runSuite(SuiteRunnerWorker.java:53)
at org.testng.SuiteRunnerWorker.run(SuiteRunnerWorker.java:96)
at org.testng.TestNG.runSuitesSequentially(TestNG.java:1212)
at org.testng.TestNG.runSuitesLocally(TestNG.java:1134)
at org.testng.TestNG.runSuites(TestNG.java:1063)
at org.testng.TestNG.run(TestNG.java:1031)
at org.testng.remote.AbstractRemoteTestNG.run(AbstractRemoteTestNG.java:115)
at org.testng.remote.RemoteTestNG.initAndRun(RemoteTestNG.java:251)
at org.testng.remote.RemoteTestNG.main(RemoteTestNG.java:77)
]]>
            </full-stacktrace>
          </exception> <!-- java.lang.AssertionError -->
          <reporter-output>
          </reporter-output>
        </test-method> <!-- Management -->
        <test-method is-config="true" signature="quit()[pri:0, instance:test.Check_order_test@6adbc9d]" started-at="2023-05-25T17:21:09 IST" name="quit" finished-at="2023-05-25T17:21:11 IST" duration-ms="1234" status="PASS">
          <reporter-output>
          </reporter-output>
        </test-method> <!-- quit -->
      </class> <!-- test.Check_order_test -->
    </test> <!-- Check invoice -->
    <test started-at="2023-05-25T17:21:11 IST" name="Link" finished-at="2023-05-25T17:22:38 IST" duration-ms="87435">
      <class name="test.links_test">
        <test-method is-config="true" signature="lunch(java.lang.String,java.lang.String)[pri:0, instance:test.links_test@4efbca5a]" started-at="2023-05-25T17:21:11 IST" name="lunch" finished-at="2023-05-25T17:21:48 IST" duration-ms="37492" status="PASS">
          <params>
            <param index="0">
              <value>
                <![CDATA[chrome]]>
              </value>
            </param>
            <param index="1">
              <value>
                <![CDATA[Stage]]>
              </value>
            </param>
          </params>
          <reporter-output>
          </reporter-output>
        </test-method> <!-- lunch -->
        <test-method signature="links()[pri:0, instance:test.links_test@4efbca5a]" started-at="2023-05-25T17:21:48 IST" name="links" finished-at="2023-05-25T17:22:37 IST" duration-ms="49059" status="PASS">
          <reporter-output>
          </reporter-output>
        </test-method> <!-- links -->
        <test-method is-config="true" signature="close()[pri:0, instance:test.links_test@4efbca5a]" started-at="2023-05-25T17:22:37 IST" name="close" finished-at="2023-05-25T17:22:38 IST" duration-ms="883" status="PASS">
          <reporter-output>
          </reporter-output>
        </test-method> <!-- close -->
      </class> <!-- test.links_test -->
    </test> <!-- Link -->
    <test started-at="2023-05-25T17:22:38 IST" name="Sign_up" finished-at="2023-05-25T17:24:00 IST" duration-ms="81603">
      <class name="test.Sign_up_test">
        <test-method is-config="true" signature="lunch(java.lang.String,java.lang.String)[pri:0, instance:test.Sign_up_test@35e2d654]" started-at="2023-05-25T17:22:38 IST" name="lunch" finished-at="2023-05-25T17:23:16 IST" duration-ms="37938" status="PASS">
          <params>
            <param index="0">
              <value>
                <![CDATA[chrome]]>
              </value>
            </param>
            <param index="1">
              <value>
                <![CDATA[Stage]]>
              </value>
            </param>
          </params>
          <reporter-output>
          </reporter-output>
        </test-method> <!-- lunch -->
        <test-method signature="Sign_up_first()[pri:1, instance:test.Sign_up_test@35e2d654]" started-at="2023-05-25T17:23:16 IST" name="Sign_up_first" finished-at="2023-05-25T17:23:24 IST" duration-ms="8305" status="PASS">
          <reporter-output>
          </reporter-output>
        </test-method> <!-- Sign_up_first -->
        <test-method signature="sign_up_second_page()[pri:2, instance:test.Sign_up_test@35e2d654]" started-at="2023-05-25T17:23:24 IST" name="sign_up_second_page" finished-at="2023-05-25T17:23:33 IST" duration-ms="8882" status="PASS">
          <reporter-output>
          </reporter-output>
        </test-method> <!-- sign_up_second_page -->
        <test-method signature="third_page_sign_up()[pri:3, instance:test.Sign_up_test@35e2d654]" started-at="2023-05-25T17:23:33 IST" name="third_page_sign_up" finished-at="2023-05-25T17:23:49 IST" duration-ms="15432" status="PASS">
          <reporter-output>
          </reporter-output>
        </test-method> <!-- third_page_sign_up -->
        <test-method signature="Verify_msg()[pri:4, instance:test.Sign_up_test@35e2d654]" started-at="2023-05-25T17:23:49 IST" name="Verify_msg" finished-at="2023-05-25T17:23:59 IST" duration-ms="10145" status="PASS">
          <reporter-output>
          </reporter-output>
        </test-method> <!-- Verify_msg -->
        <test-method is-config="true" signature="quit()[pri:0, instance:test.Sign_up_test@35e2d654]" started-at="2023-05-25T17:23:59 IST" name="quit" finished-at="2023-05-25T17:24:00 IST" duration-ms="896" status="PASS">
          <reporter-output>
          </reporter-output>
        </test-method> <!-- quit -->
      </class> <!-- test.Sign_up_test -->
    </test> <!-- Sign_up -->
    <test started-at="2023-05-25T17:24:00 IST" name="Sign_in" finished-at="2023-05-25T17:25:17 IST" duration-ms="76949">
      <class name="test.Sign_in_test">
        <test-method is-config="true" signature="luanch(java.lang.String,java.lang.String)[pri:0, instance:test.Sign_in_test@f6efaab]" started-at="2023-05-25T17:24:00 IST" name="luanch" finished-at="2023-05-25T17:24:38 IST" duration-ms="38355" status="PASS">
          <params>
            <param index="0">
              <value>
                <![CDATA[chrome]]>
              </value>
            </param>
            <param index="1">
              <value>
                <![CDATA[Stage]]>
              </value>
            </param>
          </params>
          <reporter-output>
          </reporter-output>
        </test-method> <!-- luanch -->
        <test-method signature="sign_in()[pri:1, instance:test.Sign_in_test@f6efaab]" started-at="2023-05-25T17:24:38 IST" name="sign_in" finished-at="2023-05-25T17:24:44 IST" duration-ms="6083" status="PASS">
          <reporter-output>
          </reporter-output>
        </test-method> <!-- sign_in -->
        <test-method signature="invalid_password()[pri:2, instance:test.Sign_in_test@f6efaab]" started-at="2023-05-25T17:24:44 IST" name="invalid_password" finished-at="2023-05-25T17:24:56 IST" duration-ms="12029" status="PASS">
          <reporter-output>
          </reporter-output>
        </test-method> <!-- invalid_password -->
        <test-method signature="invalid_username()[pri:3, instance:test.Sign_in_test@f6efaab]" started-at="2023-05-25T17:24:56 IST" name="invalid_username" finished-at="2023-05-25T17:25:05 IST" duration-ms="8521" status="PASS">
          <reporter-output>
          </reporter-output>
        </test-method> <!-- invalid_username -->
        <test-method signature="sign()[pri:4, instance:test.Sign_in_test@f6efaab]" started-at="2023-05-25T17:25:05 IST" name="sign" finished-at="2023-05-25T17:25:16 IST" duration-ms="10945" status="FAIL">
          <exception class="java.lang.AssertionError">
            <message>
              <![CDATA[expected [Success You are now logged in.] but found []]]>
            </message>
            <full-stacktrace>
              <![CDATA[java.lang.AssertionError: expected [Success You are now logged in.] but found []
at org.testng.Assert.fail(Assert.java:99)
at org.testng.Assert.failNotEquals(Assert.java:1037)
at org.testng.Assert.assertEqualsImpl(Assert.java:140)
at org.testng.Assert.assertEquals(Assert.java:122)
at org.testng.Assert.assertEquals(Assert.java:629)
at org.testng.Assert.assertEquals(Assert.java:639)
at test.Sign_in_test.sign(Sign_in_test.java:113)
at java.base/jdk.internal.reflect.DirectMethodHandleAccessor.invoke(DirectMethodHandleAccessor.java:104)
at java.base/java.lang.reflect.Method.invoke(Method.java:578)
at org.testng.internal.MethodInvocationHelper.invokeMethod(MethodInvocationHelper.java:133)
at org.testng.internal.TestInvoker.invokeMethod(TestInvoker.java:598)
at org.testng.internal.TestInvoker.invokeTestMethod(TestInvoker.java:173)
at org.testng.internal.MethodRunner.runInSequence(MethodRunner.java:46)
at org.testng.internal.TestInvoker$MethodInvocationAgent.invoke(TestInvoker.java:824)
at org.testng.internal.TestInvoker.invokeTestMethods(TestInvoker.java:146)
at org.testng.internal.TestMethodWorker.invokeTestMethods(TestMethodWorker.java:146)
at org.testng.internal.TestMethodWorker.run(TestMethodWorker.java:128)
at java.base/java.util.ArrayList.forEach(ArrayList.java:1511)
at org.testng.TestRunner.privateRun(TestRunner.java:794)
at org.testng.TestRunner.run(TestRunner.java:596)
at org.testng.SuiteRunner.runTest(SuiteRunner.java:377)
at org.testng.SuiteRunner.runSequentially(SuiteRunner.java:371)
at org.testng.SuiteRunner.privateRun(SuiteRunner.java:332)
at org.testng.SuiteRunner.run(SuiteRunner.java:276)
at org.testng.SuiteRunnerWorker.runSuite(SuiteRunnerWorker.java:53)
at org.testng.SuiteRunnerWorker.run(SuiteRunnerWorker.java:96)
at org.testng.TestNG.runSuitesSequentially(TestNG.java:1212)
at org.testng.TestNG.runSuitesLocally(TestNG.java:1134)
at org.testng.TestNG.runSuites(TestNG.java:1063)
at org.testng.TestNG.run(TestNG.java:1031)
at org.testng.remote.AbstractRemoteTestNG.run(AbstractRemoteTestNG.java:115)
at org.testng.remote.RemoteTestNG.initAndRun(RemoteTestNG.java:251)
at org.testng.remote.RemoteTestNG.main(RemoteTestNG.java:77)
]]>
            </full-stacktrace>
          </exception> <!-- java.lang.AssertionError -->
          <reporter-output>
          </reporter-output>
        </test-method> <!-- sign -->
        <test-method is-config="true" signature="tear_down()[pri:0, instance:test.Sign_in_test@f6efaab]" started-at="2023-05-25T17:25:16 IST" name="tear_down" finished-at="2023-05-25T17:25:17 IST" duration-ms="1011" status="PASS">
          <reporter-output>
          </reporter-output>
        </test-method> <!-- tear_down -->
      </class> <!-- test.Sign_in_test -->
    </test> <!-- Sign_in -->
    <test started-at="2023-05-25T17:25:17 IST" name="Add to cart" finished-at="2023-05-25T17:27:54 IST" duration-ms="157369">
      <class name="test.Add_to_cart_test">
        <test-method is-config="true" signature="lunch(java.lang.String,java.lang.String)[pri:0, instance:test.Add_to_cart_test@799f10e1]" started-at="2023-05-25T17:25:17 IST" name="lunch" finished-at="2023-05-25T17:25:56 IST" duration-ms="38979" status="PASS">
          <params>
            <param index="0">
              <value>
                <![CDATA[chrome]]>
              </value>
            </param>
            <param index="1">
              <value>
                <![CDATA[Stage]]>
              </value>
            </param>
          </params>
          <reporter-output>
          </reporter-output>
        </test-method> <!-- lunch -->
        <test-method signature="sign_in_add()[pri:1, instance:test.Add_to_cart_test@799f10e1]" started-at="2023-05-25T17:25:56 IST" name="sign_in_add" finished-at="2023-05-25T17:26:12 IST" duration-ms="16791" status="PASS">
          <reporter-output>
          </reporter-output>
        </test-method> <!-- sign_in_add -->
        <test-method signature="kitchen()[pri:2, instance:test.Add_to_cart_test@799f10e1]" started-at="2023-05-25T17:26:12 IST" name="kitchen" finished-at="2023-05-25T17:26:30 IST" duration-ms="17322" status="PASS">
          <reporter-output>
          </reporter-output>
        </test-method> <!-- kitchen -->
        <test-method signature="choose()[pri:3, instance:test.Add_to_cart_test@799f10e1]" started-at="2023-05-25T17:26:30 IST" name="choose" finished-at="2023-05-25T17:26:36 IST" duration-ms="6296" status="PASS">
          <reporter-output>
          </reporter-output>
        </test-method> <!-- choose -->
        <test-method signature="select_item()[pri:4, instance:test.Add_to_cart_test@799f10e1]" started-at="2023-05-25T17:26:36 IST" name="select_item" finished-at="2023-05-25T17:27:02 IST" duration-ms="26269" status="PASS">
          <reporter-output>
          </reporter-output>
        </test-method> <!-- select_item -->
        <test-method signature="gotocart()[pri:5, instance:test.Add_to_cart_test@799f10e1]" started-at="2023-05-25T17:27:02 IST" name="gotocart" finished-at="2023-05-25T17:27:17 IST" duration-ms="14409" status="PASS">
          <reporter-output>
          </reporter-output>
        </test-method> <!-- gotocart -->
        <test-method signature="ready_to_ship()[pri:6, instance:test.Add_to_cart_test@799f10e1]" started-at="2023-05-25T17:27:17 IST" name="ready_to_ship" finished-at="2023-05-25T17:27:53 IST" duration-ms="36189" status="PASS">
          <reporter-output>
          </reporter-output>
        </test-method> <!-- ready_to_ship -->
        <test-method is-config="true" signature="quit()[pri:0, instance:test.Add_to_cart_test@799f10e1]" started-at="2023-05-25T17:27:53 IST" name="quit" finished-at="2023-05-25T17:27:54 IST" duration-ms="1111" status="PASS">
          <reporter-output>
          </reporter-output>
        </test-method> <!-- quit -->
      </class> <!-- test.Add_to_cart_test -->
    </test> <!-- Add to cart -->
    <test started-at="2023-05-25T17:27:54 IST" name="Update profile " finished-at="2023-05-25T17:29:27 IST" duration-ms="92757">
      <class name="test.Profile_test">
        <test-method is-config="true" signature="launc(java.lang.String,java.lang.String)[pri:0, instance:test.Profile_test@31304f14]" started-at="2023-05-25T17:27:54 IST" name="launc" finished-at="2023-05-25T17:28:47 IST" duration-ms="53295" status="PASS">
          <params>
            <param index="0">
              <value>
                <![CDATA[chrome]]>
              </value>
            </param>
            <param index="1">
              <value>
                <![CDATA[Stage]]>
              </value>
            </param>
          </params>
          <reporter-output>
          </reporter-output>
        </test-method> <!-- launc -->
        <test-method signature="my_account()[pri:1, instance:test.Profile_test@31304f14]" started-at="2023-05-25T17:28:47 IST" name="my_account" finished-at="2023-05-25T17:29:06 IST" duration-ms="18543" status="PASS">
          <reporter-output>
          </reporter-output>
        </test-method> <!-- my_account -->
        <test-method signature="profile()[pri:2, instance:test.Profile_test@31304f14]" started-at="2023-05-25T17:29:06 IST" name="profile" finished-at="2023-05-25T17:29:26 IST" duration-ms="19996" status="PASS">
          <reporter-output>
          </reporter-output>
        </test-method> <!-- profile -->
        <test-method is-config="true" signature="tear_down()[pri:0, instance:test.Profile_test@31304f14]" started-at="2023-05-25T17:29:26 IST" name="tear_down" finished-at="2023-05-25T17:29:27 IST" duration-ms="923" status="PASS">
          <reporter-output>
          </reporter-output>
        </test-method> <!-- tear_down -->
      </class> <!-- test.Profile_test -->
    </test> <!-- Update profile  -->
    <test started-at="2023-05-25T17:29:27 IST" name="Edit Profile" finished-at="2023-05-25T17:33:51 IST" duration-ms="264430">
      <class name="test.Profile_edit_test">
        <test-method is-config="true" signature="launch(java.lang.String,java.lang.String)[pri:0, instance:test.Profile_edit_test@368f2016]" started-at="2023-05-25T17:29:27 IST" name="launch" finished-at="2023-05-25T17:30:21 IST" duration-ms="54392" status="PASS">
          <params>
            <param index="0">
              <value>
                <![CDATA[chrome]]>
              </value>
            </param>
            <param index="1">
              <value>
                <![CDATA[Stage]]>
              </value>
            </param>
          </params>
          <reporter-output>
          </reporter-output>
        </test-method> <!-- launch -->
        <test-method signature="Edit_profile()[pri:1, instance:test.Profile_edit_test@368f2016]" started-at="2023-05-25T17:30:21 IST" name="Edit_profile" finished-at="2023-05-25T17:30:42 IST" duration-ms="21166" status="PASS">
          <reporter-output>
          </reporter-output>
        </test-method> <!-- Edit_profile -->
        <test-method signature="edt_info()[pri:2, instance:test.Profile_edit_test@368f2016]" started-at="2023-05-25T17:30:42 IST" name="edt_info" finished-at="2023-05-25T17:31:00 IST" duration-ms="17477" status="PASS">
          <reporter-output>
          </reporter-output>
        </test-method> <!-- edt_info -->
        <test-method signature="password_reset_again()[pri:3, instance:test.Profile_edit_test@368f2016]" started-at="2023-05-25T17:31:00 IST" name="password_reset_again" finished-at="2023-05-25T17:32:09 IST" duration-ms="69151" status="PASS">
          <reporter-output>
          </reporter-output>
        </test-method> <!-- password_reset_again -->
        <test-method signature="reset_password_again()[pri:4, instance:test.Profile_edit_test@368f2016]" started-at="2023-05-25T17:32:09 IST" name="reset_password_again" finished-at="2023-05-25T17:33:49 IST" duration-ms="100424" status="PASS">
          <reporter-output>
          </reporter-output>
        </test-method> <!-- reset_password_again -->
        <test-method is-config="true" signature="tear_down()[pri:0, instance:test.Profile_edit_test@368f2016]" started-at="2023-05-25T17:33:49 IST" name="tear_down" finished-at="2023-05-25T17:33:51 IST" duration-ms="1817" status="PASS">
          <reporter-output>
          </reporter-output>
        </test-method> <!-- tear_down -->
      </class> <!-- test.Profile_edit_test -->
    </test> <!-- Edit Profile -->
    <test started-at="2023-05-25T17:33:51 IST" name="Social link" finished-at="2023-05-25T17:35:39 IST" duration-ms="107253">
      <class name="test.Social_link_test">
        <test-method is-config="true" signature="launc(java.lang.String,java.lang.String)[pri:0, instance:test.Social_link_test@47eaca72]" started-at="2023-05-25T17:33:51 IST" name="launc" finished-at="2023-05-25T17:34:32 IST" duration-ms="40704" status="PASS">
          <params>
            <param index="0">
              <value>
                <![CDATA[chrome]]>
              </value>
            </param>
            <param index="1">
              <value>
                <![CDATA[Stage]]>
              </value>
            </param>
          </params>
          <reporter-output>
          </reporter-output>
        </test-method> <!-- launc -->
        <test-method signature="Social_links()[pri:0, instance:test.Social_link_test@47eaca72]" started-at="2023-05-25T17:34:32 IST" name="Social_links" finished-at="2023-05-25T17:35:37 IST" duration-ms="65168" status="PASS">
          <reporter-output>
          </reporter-output>
        </test-method> <!-- Social_links -->
        <test-method is-config="true" signature="close()[pri:0, instance:test.Social_link_test@47eaca72]" started-at="2023-05-25T17:35:37 IST" name="close" finished-at="2023-05-25T17:35:39 IST" duration-ms="1380" status="PASS">
          <reporter-output>
          </reporter-output>
        </test-method> <!-- close -->
      </class> <!-- test.Social_link_test -->
    </test> <!-- Social link -->
    <test started-at="2023-05-25T17:35:39 IST" name="Test9" finished-at="2023-05-25T17:36:43 IST" duration-ms="64200">
      <class name="test.Unlock_special_offer_test">
        <test-method is-config="true" signature="lunch(java.lang.String,java.lang.String)[pri:0, instance:test.Unlock_special_offer_test@76505305]" started-at="2023-05-25T17:35:39 IST" name="lunch" finished-at="2023-05-25T17:36:19 IST" duration-ms="40319" status="PASS">
          <params>
            <param index="0">
              <value>
                <![CDATA[chrome]]>
              </value>
            </param>
            <param index="1">
              <value>
                <![CDATA[Stage]]>
              </value>
            </param>
          </params>
          <reporter-output>
          </reporter-output>
        </test-method> <!-- lunch -->
        <test-method signature="Unloac_offer_price()[pri:0, instance:test.Unlock_special_offer_test@76505305]" started-at="2023-05-25T17:36:19 IST" name="Unloac_offer_price" finished-at="2023-05-25T17:36:42 IST" duration-ms="22970" status="FAIL">
          <exception class="java.lang.AssertionError">
            <message>
              <![CDATA[expected [Your form has been submitted. We'll be in touch really soon.] but found [null]]]>
            </message>
            <full-stacktrace>
              <![CDATA[java.lang.AssertionError: expected [Your form has been submitted. We'll be in touch really soon.] but found [null]
at org.testng.Assert.fail(Assert.java:99)
at org.testng.Assert.failNotEquals(Assert.java:1037)
at org.testng.Assert.assertEqualsImpl(Assert.java:140)
at org.testng.Assert.assertEquals(Assert.java:122)
at org.testng.Assert.assertEquals(Assert.java:629)
at org.testng.Assert.assertEquals(Assert.java:639)
at test.Unlock_special_offer_test.Unloac_offer_price(Unlock_special_offer_test.java:53)
at java.base/jdk.internal.reflect.DirectMethodHandleAccessor.invoke(DirectMethodHandleAccessor.java:104)
at java.base/java.lang.reflect.Method.invoke(Method.java:578)
at org.testng.internal.MethodInvocationHelper.invokeMethod(MethodInvocationHelper.java:133)
at org.testng.internal.TestInvoker.invokeMethod(TestInvoker.java:598)
at org.testng.internal.TestInvoker.invokeTestMethod(TestInvoker.java:173)
at org.testng.internal.MethodRunner.runInSequence(MethodRunner.java:46)
at org.testng.internal.TestInvoker$MethodInvocationAgent.invoke(TestInvoker.java:824)
at org.testng.internal.TestInvoker.invokeTestMethods(TestInvoker.java:146)
at org.testng.internal.TestMethodWorker.invokeTestMethods(TestMethodWorker.java:146)
at org.testng.internal.TestMethodWorker.run(TestMethodWorker.java:128)
at java.base/java.util.ArrayList.forEach(ArrayList.java:1511)
at org.testng.TestRunner.privateRun(TestRunner.java:794)
at org.testng.TestRunner.run(TestRunner.java:596)
at org.testng.SuiteRunner.runTest(SuiteRunner.java:377)
at org.testng.SuiteRunner.runSequentially(SuiteRunner.java:371)
at org.testng.SuiteRunner.privateRun(SuiteRunner.java:332)
at org.testng.SuiteRunner.run(SuiteRunner.java:276)
at org.testng.SuiteRunnerWorker.runSuite(SuiteRunnerWorker.java:53)
at org.testng.SuiteRunnerWorker.run(SuiteRunnerWorker.java:96)
at org.testng.TestNG.runSuitesSequentially(TestNG.java:1212)
at org.testng.TestNG.runSuitesLocally(TestNG.java:1134)
at org.testng.TestNG.runSuites(TestNG.java:1063)
at org.testng.TestNG.run(TestNG.java:1031)
at org.testng.remote.AbstractRemoteTestNG.run(AbstractRemoteTestNG.java:115)
at org.testng.remote.RemoteTestNG.initAndRun(RemoteTestNG.java:251)
at org.testng.remote.RemoteTestNG.main(RemoteTestNG.java:77)
]]>
            </full-stacktrace>
          </exception> <!-- java.lang.AssertionError -->
          <reporter-output>
          </reporter-output>
        </test-method> <!-- Unloac_offer_price -->
        <test-method is-config="true" signature="close()[pri:0, instance:test.Unlock_special_offer_test@76505305]" started-at="2023-05-25T17:36:42 IST" name="close" finished-at="2023-05-25T17:36:43 IST" duration-ms="910" status="PASS">
          <reporter-output>
          </reporter-output>
        </test-method> <!-- close -->
      </class> <!-- test.Unlock_special_offer_test -->
    </test> <!-- Test9 -->
    <test started-at="2023-05-25T17:36:43 IST" name="All tab working" finished-at="2023-05-25T17:42:09 IST" duration-ms="325957">
      <class name="test.All_category_working_test">
        <test-method is-config="true" signature="lunch(java.lang.String,java.lang.String)[pri:0, instance:test.All_category_working_test@4802796d]" started-at="2023-05-25T17:36:43 IST" name="lunch" finished-at="2023-05-25T17:37:22 IST" duration-ms="39273" status="PASS">
          <params>
            <param index="0">
              <value>
                <![CDATA[chrome]]>
              </value>
            </param>
            <param index="1">
              <value>
                <![CDATA[Stage]]>
              </value>
            </param>
          </params>
          <reporter-output>
          </reporter-output>
        </test-method> <!-- lunch -->
        <test-method signature="links()[pri:0, instance:test.All_category_working_test@4802796d]" started-at="2023-05-25T17:37:22 IST" name="links" finished-at="2023-05-25T17:42:08 IST" duration-ms="285696" status="PASS">
          <reporter-output>
          </reporter-output>
        </test-method> <!-- links -->
        <test-method is-config="true" signature="tear_down()[pri:0, instance:test.All_category_working_test@4802796d]" started-at="2023-05-25T17:42:08 IST" name="tear_down" finished-at="2023-05-25T17:42:09 IST" duration-ms="987" status="PASS">
          <reporter-output>
          </reporter-output>
        </test-method> <!-- tear_down -->
      </class> <!-- test.All_category_working_test -->
    </test> <!-- All tab working -->
  </suite> <!-- Suite -->
</testng-results>
