<?xml version="1.0" encoding="UTF-8"?>
<!-- Generated by org.testng.reporters.JUnitXMLReporter -->
<testsuite ignored="0" hostname="DESKTOP-S4S1GDB" failures="0" tests="3" name="Default test" time="0.047" errors="0" timestamp="2023-04-28T16:26:54 IST">
  <testcase classname="test.Sign_up_test" name="@BeforeTest lunch" time="-1.682679414267E9">
    <failure type="org.testng.TestNGException" message="
Parameter &amp;apos;browser&amp;apos; is required by BeforeTest on method lunch but has not been marked @Optional or defined
in C:\Users\rohit.kashyap\AppData\Local\Temp\testng-eclipse-1872855746\testng-customsuite.xml">
      <![CDATA[org.testng.TestNGException: 
Parameter 'browser' is required by BeforeTest on method lunch but has not been marked @Optional or defined
in C:\Users\rohit.kashyap\AppData\Local\Temp\testng-eclipse-1872855746\testng-customsuite.xml
at org.testng.internal.Parameters.createParams(Parameters.java:270)
at org.testng.internal.Parameters.createParametersForMethod(Parameters.java:358)
at org.testng.internal.Parameters.createParameters(Parameters.java:700)
at org.testng.internal.Parameters.createConfigurationParameters(Parameters.java:168)
at org.testng.internal.ConfigInvoker.invokeConfigurations(ConfigInvoker.java:302)
at org.testng.TestRunner.invokeTestConfigurations(TestRunner.java:637)
at org.testng.TestRunner.beforeRun(TestRunner.java:627)
at org.testng.TestRunner.run(TestRunner.java:589)
at org.testng.SuiteRunner.runTest(SuiteRunner.java:377)
at org.testng.SuiteRunner.runSequentially(SuiteRunner.java:371)
at org.testng.SuiteRunner.privateRun(SuiteRunner.java:332)
at org.testng.SuiteRunner.run(SuiteRunner.java:276)
at org.testng.SuiteRunnerWorker.runSuite(SuiteRunnerWorker.java:53)
at org.testng.SuiteRunnerWorker.run(SuiteRunnerWorker.java:96)
at org.testng.TestNG.runSuitesSequentially(TestNG.java:1212)
at org.testng.TestNG.runSuitesLocally(TestNG.java:1134)
at org.testng.TestNG.runSuites(TestNG.java:1063)
at org.testng.TestNG.run(TestNG.java:1031)
at org.testng.remote.AbstractRemoteTestNG.run(AbstractRemoteTestNG.java:115)
at org.testng.remote.RemoteTestNG.initAndRun(RemoteTestNG.java:251)
at org.testng.remote.RemoteTestNG.main(RemoteTestNG.java:77)
]]>
    </failure>
  </testcase> <!-- @BeforeTest lunch -->
  <testcase classname="test.Sign_up_test" name="@AfterTest quit" time="-1.682679414308E9">
    <skipped/>
  </testcase> <!-- @AfterTest quit -->
  <testcase classname="test.Sign_up_test" name="Sign_up_first" time="0.0">
    <skipped/>
  </testcase> <!-- Sign_up_first -->
  <testcase classname="test.Sign_up_test" name="sign_up_second_page" time="0.0">
    <skipped/>
  </testcase> <!-- sign_up_second_page -->
  <testcase classname="test.Sign_up_test" name="third_page_sign_up" time="0.0">
    <skipped/>
  </testcase> <!-- third_page_sign_up -->
</testsuite> <!-- Default test -->
